# JRE version: OpenJDK Runtime Environment (8.0_242-b01) (build 1.8.0_242-release-1644-b01)
# Java VM: OpenJDK 64-Bit Server VM (25.242-b01 mixed mode windows-amd64 compressed oops)
Heap:
 PSYoungGen      total 286208K, used 222396K [0x00000000eab00000, 0x00000000ffb00000, 0x0000000100000000)
  eden space 228864K, 93% used [0x00000000eab00000,0x00000000f7ce6228,0x00000000f8a80000)
  from space 57344K, 13% used [0x00000000f8a80000,0x00000000f91c9148,0x00000000fc280000)
  to   space 55296K, 0% used [0x00000000fc500000,0x00000000fc500000,0x00000000ffb00000)
 ParOldGen       total 242176K, used 88360K [0x00000000c0000000, 0x00000000cec80000, 0x00000000eab00000)
  object space 242176K, 36% used [0x00000000c0000000,0x00000000c564a338,0x00000000cec80000)
 Metaspace       used 99215K, capacity 103128K, committed 103168K, reserved 1138688K
  class space    used 12540K, capacity 13311K, committed 13312K, reserved 1048576K
GC Heap History (10 events):
Event: 499.219 GC heap before
{Heap before GC invocations=35 (full 4):
 PSYoungGen      total 268288K, used 216708K [0x00000000eab00000, 0x00000000ff200000, 0x0000000100000000)
  eden space 200704K, 100% used [0x00000000eab00000,0x00000000f6f00000,0x00000000f6f00000)
  from space 67584K, 23% used [0x00000000fb000000,0x00000000fbfa1158,0x00000000ff200000)
  to   space 66560K, 0% used [0x00000000f6f00000,0x00000000f6f00000,0x00000000fb000000)
 ParOldGen       total 242176K, used 77355K [0x00000000c0000000, 0x00000000cec80000, 0x00000000eab00000)
  object space 242176K, 31% used [0x00000000c0000000,0x00000000c4b8ad50,0x00000000cec80000)
 Metaspace       used 99030K, capacity 102894K, committed 102912K, reserved 1138688K
  class space    used 12536K, capacity 13308K, committed 13312K, reserved 1048576K
Event: 499.248 GC heap after
Heap after GC invocations=35 (full 4):
 PSYoungGen      total 267264K, used 16012K [0x00000000eab00000, 0x00000000ff900000, 0x0000000100000000)
  eden space 200704K, 0% used [0x00000000eab00000,0x00000000eab00000,0x00000000f6f00000)
  from space 66560K, 24% used [0x00000000f6f00000,0x00000000f7ea3120,0x00000000fb000000)
  to   space 63488K, 0% used [0x00000000fbb00000,0x00000000fbb00000,0x00000000ff900000)
 ParOldGen       total 242176K, used 77355K [0x00000000c0000000, 0x00000000cec80000, 0x00000000eab00000)
  object space 242176K, 31% used [0x00000000c0000000,0x00000000c4b8ad50,0x00000000cec80000)
 Metaspace       used 99030K, capacity 102894K, committed 102912K, reserved 1138688K
  class space    used 12536K, capacity 13308K, committed 13312K, reserved 1048576K
}
Event: 500.708 GC heap before
{Heap before GC invocations=36 (full 4):
 PSYoungGen      total 267264K, used 216716K [0x00000000eab00000, 0x00000000ff900000, 0x0000000100000000)
  eden space 200704K, 100% used [0x00000000eab00000,0x00000000f6f00000,0x00000000f6f00000)
  from space 66560K, 24% used [0x00000000f6f00000,0x00000000f7ea3120,0x00000000fb000000)
  to   space 63488K, 0% used [0x00000000fbb00000,0x00000000fbb00000,0x00000000ff900000)
 ParOldGen       total 242176K, used 77355K [0x00000000c0000000, 0x00000000cec80000, 0x00000000eab00000)
  object space 242176K, 31% used [0x00000000c0000000,0x00000000c4b8ad50,0x00000000cec80000)
 Metaspace       used 99059K, capacity 102902K, committed 102912K, reserved 1138688K
  class space    used 12536K, capacity 13308K, committed 13312K, reserved 1048576K
Event: 500.792 GC heap after
Heap after GC invocations=36 (full 4):
 PSYoungGen      total 279552K, used 14965K [0x00000000eab00000, 0x00000000ff700000, 0x0000000100000000)
  eden space 218112K, 0% used [0x00000000eab00000,0x00000000eab00000,0x00000000f8000000)
  from space 61440K, 24% used [0x00000000fbb00000,0x00000000fc99d4c0,0x00000000ff700000)
  to   space 60416K, 0% used [0x00000000f8000000,0x00000000f8000000,0x00000000fbb00000)
 ParOldGen       total 242176K, used 78784K [0x00000000c0000000, 0x00000000cec80000, 0x00000000eab00000)
  object space 242176K, 32% used [0x00000000c0000000,0x00000000c4cf0110,0x00000000cec80000)
 Metaspace       used 99059K, capacity 102902K, committed 102912K, reserved 1138688K
  class space    used 12536K, capacity 13308K, committed 13312K, reserved 1048576K
}
Event: 502.376 GC heap before
{Heap before GC invocations=37 (full 4):
 PSYoungGen      total 279552K, used 233077K [0x00000000eab00000, 0x00000000ff700000, 0x0000000100000000)
  eden space 218112K, 100% used [0x00000000eab00000,0x00000000f8000000,0x00000000f8000000)
  from space 61440K, 24% used [0x00000000fbb00000,0x00000000fc99d4c0,0x00000000ff700000)
  to   space 60416K, 0% used [0x00000000f8000000,0x00000000f8000000,0x00000000fbb00000)
 ParOldGen       total 242176K, used 78784K [0x00000000c0000000, 0x00000000cec80000, 0x00000000eab00000)
  object space 242176K, 32% used [0x00000000c0000000,0x00000000c4cf0110,0x00000000cec80000)
 Metaspace       used 99138K, capacity 102974K, committed 103168K, reserved 1138688K
  class space    used 12536K, capacity 13308K, committed 13312K, reserved 1048576K
Event: 502.415 GC heap after
Heap after GC invocations=37 (full 4):
 PSYoungGen      total 278528K, used 8340K [0x00000000eab00000, 0x00000000ffc00000, 0x0000000100000000)
  eden space 218112K, 0% used [0x00000000eab00000,0x00000000eab00000,0x00000000f8000000)
  from space 60416K, 13% used [0x00000000f8000000,0x00000000f8825168,0x00000000fbb00000)
  to   space 58880K, 0% used [0x00000000fc280000,0x00000000fc280000,0x00000000ffc00000)
 ParOldGen       total 242176K, used 86009K [0x00000000c0000000, 0x00000000cec80000, 0x00000000eab00000)
  object space 242176K, 35% used [0x00000000c0000000,0x00000000c53fe450,0x00000000cec80000)
 Metaspace       used 99138K, capacity 102974K, committed 103168K, reserved 1138688K
  class space    used 12536K, capacity 13308K, committed 13312K, reserved 1048576K
}
Event: 504.320 GC heap before
{Heap before GC invocations=38 (full 4):
 PSYoungGen      total 278528K, used 226452K [0x00000000eab00000, 0x00000000ffc00000, 0x0000000100000000)
  eden space 218112K, 100% used [0x00000000eab00000,0x00000000f8000000,0x00000000f8000000)
  from space 60416K, 13% used [0x00000000f8000000,0x00000000f8825168,0x00000000fbb00000)
  to   space 58880K, 0% used [0x00000000fc280000,0x00000000fc280000,0x00000000ffc00000)
 ParOldGen       total 242176K, used 86009K [0x00000000c0000000, 0x00000000cec80000, 0x00000000eab00000)
  object space 242176K, 35% used [0x00000000c0000000,0x00000000c53fe450,0x00000000cec80000)
 Metaspace       used 99160K, capacity 102974K, committed 103168K, reserved 1138688K
  class space    used 12536K, capacity 13308K, committed 13312K, reserved 1048576K
Event: 504.344 GC heap after
Heap after GC invocations=38 (full 4):
 PSYoungGen      total 287232K, used 6107K [0x00000000eab00000, 0x00000000ffb80000, 0x0000000100000000)
  eden space 228864K, 0% used [0x00000000eab00000,0x00000000eab00000,0x00000000f8a80000)
  from space 58368K, 10% used [0x00000000fc280000,0x00000000fc876fb0,0x00000000ffb80000)
  to   space 57344K, 0% used [0x00000000f8a80000,0x00000000f8a80000,0x00000000fc280000)
 ParOldGen       total 242176K, used 87352K [0x00000000c0000000, 0x00000000cec80000, 0x00000000eab00000)
  object space 242176K, 36% used [0x00000000c0000000,0x00000000c554e318,0x00000000cec80000)
 Metaspace       used 99160K, capacity 102974K, committed 103168K, reserved 1138688K
  class space    used 12536K, capacity 13308K, committed 13312K, reserved 1048576K
}
Event: 505.638 GC heap before
{Heap before GC invocations=39 (full 4):
 PSYoungGen      total 287232K, used 234971K [0x00000000eab00000, 0x00000000ffb80000, 0x0000000100000000)
  eden space 228864K, 100% used [0x00000000eab00000,0x00000000f8a80000,0x00000000f8a80000)
  from space 58368K, 10% used [0x00000000fc280000,0x00000000fc876fb0,0x00000000ffb80000)
  to   space 57344K, 0% used [0x00000000f8a80000,0x00000000f8a80000,0x00000000fc280000)
 ParOldGen       total 242176K, used 87352K [0x00000000c0000000, 0x00000000cec80000, 0x00000000eab00000)
  object space 242176K, 36% used [0x00000000c0000000,0x00000000c554e318,0x00000000cec80000)
 Metaspace       used 99186K, capacity 103042K, committed 103168K, reserved 1138688K
  class space    used 12536K, capacity 13308K, committed 13312K, reserved 1048576K
Event: 505.653 GC heap after
Heap after GC invocations=39 (full 4):
 PSYoungGen      total 286208K, used 7460K [0x00000000eab00000, 0x00000000ffb00000, 0x0000000100000000)
  eden space 228864K, 0% used [0x00000000eab00000,0x00000000eab00000,0x00000000f8a80000)
  from space 57344K, 13% used [0x00000000f8a80000,0x00000000f91c9148,0x00000000fc280000)
  to   space 55296K, 0% used [0x00000000fc500000,0x00000000fc500000,0x00000000ffb00000)
 ParOldGen       total 242176K, used 88360K [0x00000000c0000000, 0x00000000cec80000, 0x00000000eab00000)
  object space 242176K, 36% used [0x00000000c0000000,0x00000000c564a338,0x00000000cec80000)
 Metaspace       used 99186K, capacity 103042K, committed 103168K, reserved 1138688K
  class space    used 12536K, capacity 13308K, committed 13312K, reserved 1048576K
}

